{
  "RSpec": {
    "coverage": {
      "/Users/seanhite/Desktop/Ozzy/ozzy/spec/controllers/applications_controller_spec.rb": [
        1,
        1,
        null,
        1,
        null,
        1,
        17,
        0,
        null,
        null,
        1,
        1,
        0,
        0,
        null,
        null,
        null,
        1,
        1,
        0,
        0,
        null,
        null,
        1,
        0,
        0,
        null,
        null,
        1,
        0,
        0,
        null,
        null,
        null,
        1,
        1,
        0,
        0,
        null,
        null,
        1,
        0,
        0,
        null,
        null,
        1,
        0,
        0,
        null,
        null,
        null,
        1,
        1,
        0,
        null,
        null,
        1,
        0,
        0,
        null,
        null,
        1,
        0,
        0,
        null,
        null,
        null,
        1,
        1,
        0,
        0,
        null,
        null,
        1,
        0,
        0,
        null,
        null,
        1,
        0,
        null,
        0,
        null,
        0,
        0,
        0,
        null,
        null,
        null,
        1,
        1,
        0,
        0,
        null,
        0,
        null,
        0,
        0,
        0,
        0,
        null,
        null,
        1,
        0,
        0,
        null,
        0,
        0,
        null,
        null,
        null,
        1,
        1,
        0,
        0,
        0,
        null,
        null,
        1,
        0,
        0,
        null,
        null,
        null
      ],
      "/Users/seanhite/Desktop/Ozzy/ozzy/spec/rails_helper.rb": [
        null,
        1,
        1,
        1,
        null,
        1,
        1,
        1,
        1,
        1,
        null,
        null,
        null,
        null,
        null,
        null,
        null,
        null,
        null,
        null,
        null,
        null,
        null,
        null,
        null,
        null,
        null,
        null,
        null,
        null,
        1,
        null,
        1,
        null,
        1,
        null,
        null,
        null,
        null,
        1,
        null,
        null,
        null,
        null,
        null,
        null,
        null,
        null,
        null,
        null,
        null,
        null,
        null,
        null,
        1,
        null,
        null,
        1,
        null,
        null,
        null
      ],
      "/Users/seanhite/Desktop/Ozzy/ozzy/config/environment.rb": [
        null,
        1,
        null,
        null,
        1
      ],
      "/Users/seanhite/Desktop/Ozzy/ozzy/config/application.rb": [
        1,
        null,
        1,
        null,
        null,
        null,
        1,
        null,
        1,
        1,
        null,
        1,
        null,
        null,
        null,
        null,
        1,
        null,
        null
      ],
      "/Users/seanhite/Desktop/Ozzy/ozzy/config/boot.rb": [
        1,
        null,
        1
      ],
      "/Users/seanhite/Desktop/Ozzy/ozzy/lib/random_data.rb": [
        1,
        null,
        1,
        0,
        0,
        0,
        null,
        null,
        1,
        0,
        null,
        null,
        1,
        0,
        0,
        0,
        null,
        null,
        0,
        null,
        null,
        1,
        0,
        0,
        0,
        null,
        null,
        0,
        0,
        null,
        null,
        1,
        0,
        0,
        0,
        null,
        null
      ],
      "/Users/seanhite/Desktop/Ozzy/ozzy/config/environments/test.rb": [
        1,
        null,
        null,
        null,
        null,
        null,
        null,
        1,
        null,
        null,
        null,
        null,
        1,
        null,
        null,
        1,
        1,
        null,
        null,
        null,
        null,
        1,
        1,
        null,
        null,
        1,
        null,
        null,
        1,
        1,
        null,
        null,
        null,
        null,
        1,
        null,
        null,
        1,
        null,
        null,
        null,
        1,
        null,
        null
      ],
      "/Users/seanhite/Desktop/Ozzy/ozzy/config/initializers/application_controller_renderer.rb": [
        null,
        null,
        null,
        null,
        null,
        null
      ],
      "/Users/seanhite/Desktop/Ozzy/ozzy/config/initializers/assets.rb": [
        null,
        null,
        null,
        1,
        null,
        null,
        null,
        null,
        1,
        null,
        null,
        null,
        null,
        null
      ],
      "/Users/seanhite/Desktop/Ozzy/ozzy/config/initializers/backtrace_silencers.rb": [
        null,
        null,
        null,
        null,
        null,
        null,
        null
      ],
      "/Users/seanhite/Desktop/Ozzy/ozzy/config/initializers/cookies_serializer.rb": [
        null,
        null,
        null,
        null,
        1
      ],
      "/Users/seanhite/Desktop/Ozzy/ozzy/config/initializers/devise.rb": [
        null,
        null,
        1,
        null,
        null,
        null,
        null,
        null,
        null,
        null,
        null,
        null,
        null,
        null,
        1,
        null,
        null,
        null,
        null,
        null,
        null,
        null,
        null,
        null,
        null,
        null,
        1,
        null,
        null,
        null,
        null,
        null,
        null,
        null,
        null,
        null,
        null,
        null,
        null,
        null,
        null,
        null,
        null,
        null,
        null,
        null,
        null,
        null,
        1,
        null,
        null,
        null,
        null,
        1,
        null,
        null,
        null,
        null,
        null,
        null,
        null,
        null,
        null,
        null,
        null,
        null,
        null,
        null,
        null,
        null,
        null,
        null,
        null,
        null,
        null,
        null,
        null,
        null,
        null,
        null,
        null,
        null,
        null,
        null,
        1,
        null,
        null,
        null,
        null,
        null,
        null,
        null,
        null,
        null,
        null,
        null,
        null,
        null,
        null,
        null,
        null,
        null,
        null,
        null,
        null,
        null,
        null,
        1,
        null,
        null,
        null,
        null,
        null,
        null,
        null,
        null,
        null,
        null,
        null,
        null,
        null,
        null,
        null,
        null,
        null,
        null,
        null,
        null,
        null,
        null,
        null,
        null,
        null,
        null,
        null,
        null,
        null,
        null,
        1,
        null,
        null,
        null,
        null,
        null,
        null,
        null,
        null,
        null,
        1,
        null,
        null,
        null,
        null,
        null,
        null,
        null,
        null,
        null,
        null,
        1,
        null,
        null,
        null,
        null,
        1,
        null,
        null,
        null,
        null,
        null,
        null,
        null,
        null,
        null,
        null,
        null,
        null,
        null,
        null,
        null,
        null,
        null,
        null,
        null,
        null,
        null,
        null,
        null,
        null,
        null,
        null,
        null,
        null,
        null,
        null,
        null,
        null,
        null,
        null,
        null,
        null,
        null,
        null,
        null,
        null,
        1,
        null,
        null,
        null,
        null,
        null,
        null,
        null,
        null,
        null,
        null,
        null,
        null,
        null,
        null,
        null,
        null,
        null,
        null,
        null,
        null,
        null,
        null,
        null,
        null,
        null,
        null,
        null,
        null,
        null,
        null,
        null,
        null,
        null,
        null,
        null,
        null,
        null,
        null,
        null,
        null,
        null,
        1,
        null,
        null,
        null,
        null,
        null,
        null,
        null,
        null,
        null,
        null,
        null,
        null,
        null,
        null,
        null,
        null,
        null,
        null,
        null,
        null,
        null,
        null,
        null,
        null,
        null,
        null,
        null,
        null,
        null
      ],
      "/Users/seanhite/Desktop/Ozzy/ozzy/config/initializers/filter_parameter_logging.rb": [
        null,
        null,
        null,
        1
      ],
      "/Users/seanhite/Desktop/Ozzy/ozzy/config/initializers/inflections.rb": [
        null,
        null,
        null,
        null,
        null,
        null,
        null,
        null,
        null,
        null,
        null,
        null,
        null,
        null,
        null,
        null
      ],
      "/Users/seanhite/Desktop/Ozzy/ozzy/config/initializers/mime_types.rb": [
        null,
        null,
        null,
        null
      ],
      "/Users/seanhite/Desktop/Ozzy/ozzy/config/initializers/setup_mail.rb": [
        1,
        0,
        0,
        null,
        null,
        null,
        null,
        null,
        null,
        null,
        null,
        null
      ],
      "/Users/seanhite/Desktop/Ozzy/ozzy/config/initializers/wrap_parameters.rb": [
        null,
        null,
        null,
        null,
        null,
        null,
        1,
        2,
        null,
        null,
        null,
        null,
        null,
        null
      ],
      "/Users/seanhite/Desktop/Ozzy/ozzy/spec/factories/application.rb": [
        1,
        1,
        1,
        1,
        1,
        null,
        null
      ],
      "/Users/seanhite/Desktop/Ozzy/ozzy/spec/factories/user.rb": [
        1,
        1,
        1,
        1,
        1,
        1,
        1,
        null,
        null
      ],
      "/Users/seanhite/Desktop/Ozzy/ozzy/config/routes.rb": [
        1,
        null,
        1,
        null,
        1,
        null,
        null,
        1,
        null,
        1,
        null,
        1,
        null,
        null
      ],
      "/Users/seanhite/Desktop/Ozzy/ozzy/app/models/user.rb": [
        1,
        null,
        null,
        1,
        null,
        1,
        null,
        null
      ],
      "/Users/seanhite/Desktop/Ozzy/ozzy/app/models/application_record.rb": [
        1,
        1,
        null
      ],
      "/Users/seanhite/Desktop/Ozzy/ozzy/app/helpers/application_helper.rb": [
        1,
        null
      ],
      "/Users/seanhite/Desktop/Ozzy/ozzy/app/helpers/applications_helper.rb": [
        1,
        null
      ],
      "/Users/seanhite/Desktop/Ozzy/ozzy/app/helpers/welcome_helper.rb": [
        1,
        null
      ],
      "/Users/seanhite/Desktop/Ozzy/ozzy/app/controllers/applications_controller.rb": [
        1,
        null,
        1,
        0,
        null,
        null,
        1,
        0,
        null,
        null,
        1,
        0,
        0,
        0,
        null,
        null,
        1,
        0,
        null,
        0,
        null,
        0,
        0,
        0,
        null,
        0,
        0,
        null,
        null,
        null,
        1,
        0,
        null,
        null,
        1,
        0,
        0,
        null,
        0,
        0,
        0,
        null,
        0,
        0,
        null,
        null,
        1,
        0,
        null,
        0,
        0,
        0,
        null,
        0,
        0,
        null,
        null,
        null,
        1,
        null,
        1,
        0,
        null,
        null
      ],
      "/Users/seanhite/Desktop/Ozzy/ozzy/app/controllers/application_controller.rb": [
        1,
        1,
        1,
        1,
        null,
        1,
        null,
        1,
        0,
        0,
        null,
        null
      ],
      "/Users/seanhite/Desktop/Ozzy/ozzy/spec/helpers/applications_helper_spec.rb": [
        1,
        null,
        null,
        null,
        null,
        null,
        null,
        null,
        null,
        null,
        null,
        null,
        1,
        1,
        null
      ],
      "/Users/seanhite/Desktop/Ozzy/ozzy/spec/models/application_spec.rb": [
        1,
        1,
        null,
        1,
        null,
        1,
        1,
        null,
        null,
        2,
        null,
        1,
        1,
        1,
        null,
        null,
        null
      ],
      "/Users/seanhite/Desktop/Ozzy/ozzy/app/models/application.rb": [
        1,
        1,
        1,
        null
      ],
      "/Users/seanhite/Desktop/Ozzy/ozzy/spec/models/event_spec.rb": [
        1,
        1,
        null,
        1,
        1,
        null
      ],
      "/Users/seanhite/Desktop/Ozzy/ozzy/app/models/event.rb": [
        1,
        1,
        null
      ],
      "/Users/seanhite/Desktop/Ozzy/ozzy/spec/views/applications/edit.html.erb_spec.rb": [
        1,
        null,
        1,
        1,
        null
      ],
      "/Users/seanhite/Desktop/Ozzy/ozzy/spec/views/applications/index.html.erb_spec.rb": [
        1,
        null,
        1,
        1,
        null
      ],
      "/Users/seanhite/Desktop/Ozzy/ozzy/spec/views/applications/new.html.erb_spec.rb": [
        1,
        null,
        1,
        1,
        null
      ],
      "/Users/seanhite/Desktop/Ozzy/ozzy/spec/views/applications/show.html.erb_spec.rb": [
        1,
        null,
        1,
        1,
        null
      ]
    },
    "timestamp": 1511544461
  }
}
